[clang-tidy] Static analysis started at Wed Jul  9 03:09:00 PM +03 2025


[FILE] modules/Spatial/src/Transform.cpp
20837 warnings generated.
/home/rkrm-dev/Desktop/adsil_analyzer_cpp/modules/Core/include/core/Point.hpp:5:1: warning: duplicate include [readability-duplicate-include]
#include <core/Vector.hpp>
^~~~~~~~~~~~~~~~~~~~~~~~~~
/home/rkrm-dev/Desktop/adsil_analyzer_cpp/modules/Core/include/core/Point.hpp:9:7: warning: class 'Point' defines a non-default destructor but does not define a copy constructor, a copy assignment operator, a move constructor or a move assignment operator [cppcoreguidelines-special-member-functions]
class Point
      ^
/home/rkrm-dev/Desktop/adsil_analyzer_cpp/modules/Core/include/core/Point.hpp:16:5: warning: function 'x' should be marked [[nodiscard]] [modernize-use-nodiscard]
    float x() const { return x_; }
    ^
    [[nodiscard]] 
/home/rkrm-dev/Desktop/adsil_analyzer_cpp/modules/Core/include/core/Point.hpp:17:5: warning: function 'y' should be marked [[nodiscard]] [modernize-use-nodiscard]
    float y() const { return y_; }
    ^
    [[nodiscard]] 
/home/rkrm-dev/Desktop/adsil_analyzer_cpp/modules/Core/include/core/Point.hpp:18:5: warning: function 'z' should be marked [[nodiscard]] [modernize-use-nodiscard]
    float z() const { return z_; }
    ^
    [[nodiscard]] 
/home/rkrm-dev/Desktop/adsil_analyzer_cpp/modules/Core/include/core/Point.hpp:20:5: warning: function 'distanceTo' should be marked [[nodiscard]] [modernize-use-nodiscard]
    float distanceTo(const Point &other) const;
    ^
    [[nodiscard]] 
/home/rkrm-dev/Desktop/adsil_analyzer_cpp/modules/Core/include/core/Point.hpp:21:5: warning: function 'toVectorFrom' should be marked [[nodiscard]] [modernize-use-nodiscard]
    Vector toVectorFrom(const Point &origin) const;
    ^
    [[nodiscard]] 
/home/rkrm-dev/Desktop/adsil_analyzer_cpp/modules/Core/include/core/Point.hpp:23:5: warning: function 'toGlmVec3' should be marked [[nodiscard]] [modernize-use-nodiscard]
    glm::vec3 toGlmVec3() const
    ^
    [[nodiscard]] 
/home/rkrm-dev/Desktop/adsil_analyzer_cpp/modules/Core/include/core/Point.hpp:25:16: warning: avoid repeating the return type from the declaration; use a braced initializer list instead [modernize-return-braced-init-list]
        return glm::vec3(x(), y(), z());
               ^~~~~~~~~~             ~
               {                      }
/home/rkrm-dev/Desktop/adsil_analyzer_cpp/modules/Core/include/core/Point.hpp:34:5: warning: function 'toString' should be marked [[nodiscard]] [modernize-use-nodiscard]
    std::string toString() const;
    ^
    [[nodiscard]] 
/home/rkrm-dev/Desktop/adsil_analyzer_cpp/modules/Core/include/core/Vector.hpp:10:7: warning: class 'Vector' defines a non-default destructor but does not define a copy constructor, a copy assignment operator, a move constructor or a move assignment operator [cppcoreguidelines-special-member-functions]
class Vector
      ^
/home/rkrm-dev/Desktop/adsil_analyzer_cpp/modules/Core/include/core/Vector.hpp:17:5: warning: function 'x' should be marked [[nodiscard]] [modernize-use-nodiscard]
    float x() const { return x_; }
    ^
    [[nodiscard]] 
/home/rkrm-dev/Desktop/adsil_analyzer_cpp/modules/Core/include/core/Vector.hpp:18:5: warning: function 'y' should be marked [[nodiscard]] [modernize-use-nodiscard]
    float y() const { return y_; }
    ^
    [[nodiscard]] 
/home/rkrm-dev/Desktop/adsil_analyzer_cpp/modules/Core/include/core/Vector.hpp:19:5: warning: function 'z' should be marked [[nodiscard]] [modernize-use-nodiscard]
    float z() const { return z_; }
    ^
    [[nodiscard]] 
/home/rkrm-dev/Desktop/adsil_analyzer_cpp/modules/Core/include/core/Vector.hpp:21:5: warning: function 'normalized' should be marked [[nodiscard]] [modernize-use-nodiscard]
    Vector normalized() const;
    ^
    [[nodiscard]] 
/home/rkrm-dev/Desktop/adsil_analyzer_cpp/modules/Core/include/core/Vector.hpp:22:5: warning: function 'dot' should be marked [[nodiscard]] [modernize-use-nodiscard]
    float dot(const Vector &other) const;
    ^
    [[nodiscard]] 
/home/rkrm-dev/Desktop/adsil_analyzer_cpp/modules/Core/include/core/Vector.hpp:23:5: warning: function 'cross' should be marked [[nodiscard]] [modernize-use-nodiscard]
    Vector cross(const Vector &other) const;
    ^
    [[nodiscard]] 
/home/rkrm-dev/Desktop/adsil_analyzer_cpp/modules/Core/include/core/Vector.hpp:24:5: warning: function 'rotatePoint' should be marked [[nodiscard]] [modernize-use-nodiscard]
    Point rotatePoint(const Point &point) const;
    ^
    [[nodiscard]] 
/home/rkrm-dev/Desktop/adsil_analyzer_cpp/modules/Core/include/core/Vector.hpp:31:5: warning: function 'toGlmVec3' should be marked [[nodiscard]] [modernize-use-nodiscard]
    glm::vec3 toGlmVec3() const
    ^
    [[nodiscard]] 
/home/rkrm-dev/Desktop/adsil_analyzer_cpp/modules/Core/include/core/Vector.hpp:33:16: warning: avoid repeating the return type from the declaration; use a braced initializer list instead [modernize-return-braced-init-list]
        return glm::vec3(x(), y(), z());
               ^~~~~~~~~~             ~
               {                      }
/home/rkrm-dev/Desktop/adsil_analyzer_cpp/modules/Core/include/core/Vector.hpp:35:5: warning: function 'toGlmQuat' should be marked [[nodiscard]] [modernize-use-nodiscard]
    glm::quat toGlmQuat() const
    ^
    [[nodiscard]] 
/home/rkrm-dev/Desktop/adsil_analyzer_cpp/modules/Core/include/core/Vector.hpp:62:16: warning: avoid repeating the return type from the declaration; use a braced initializer list instead [modernize-return-braced-init-list]
        return Vector(euler.x, euler.y, euler.z);
               ^~~~~~~                         ~
               {                               }
/home/rkrm-dev/Desktop/adsil_analyzer_cpp/modules/Core/include/core/Vector.hpp:62:29: warning: do not access members of unions; use (boost::)variant instead [cppcoreguidelines-pro-type-union-access]
        return Vector(euler.x, euler.y, euler.z);
                            ^
/home/rkrm-dev/Desktop/adsil_analyzer_cpp/modules/Core/include/core/Vector.hpp:62:38: warning: do not access members of unions; use (boost::)variant instead [cppcoreguidelines-pro-type-union-access]
        return Vector(euler.x, euler.y, euler.z);
                                     ^
/home/rkrm-dev/Desktop/adsil_analyzer_cpp/modules/Core/include/core/Vector.hpp:62:47: warning: do not access members of unions; use (boost::)variant instead [cppcoreguidelines-pro-type-union-access]
        return Vector(euler.x, euler.y, euler.z);
                                              ^
/home/rkrm-dev/Desktop/adsil_analyzer_cpp/modules/Core/include/core/Vector.hpp:65:5: warning: function 'toString' should be marked [[nodiscard]] [modernize-use-nodiscard]
    std::string toString() const;
    ^
    [[nodiscard]] 
/home/rkrm-dev/Desktop/adsil_analyzer_cpp/modules/Spatial/include/spatial/implementations/Transform.hpp:17:5: warning: function 'getPosition' should be marked [[nodiscard]] [modernize-use-nodiscard]
    const Point &getPosition() const;
    ^
    [[nodiscard]] 
/home/rkrm-dev/Desktop/adsil_analyzer_cpp/modules/Spatial/include/spatial/implementations/Transform.hpp:20:5: warning: function 'getOrientation' should be marked [[nodiscard]] [modernize-use-nodiscard]
    const Vector &getOrientation() const;
    ^
    [[nodiscard]] 
/home/rkrm-dev/Desktop/adsil_analyzer_cpp/modules/Spatial/include/spatial/implementations/Transform.hpp:25:5: warning: function 'get3DDirectionVector' should be marked [[nodiscard]] [modernize-use-nodiscard]
    const Vector get3DDirectionVector() const;
    ^
    [[nodiscard]] 
/home/rkrm-dev/Desktop/adsil_analyzer_cpp/modules/Spatial/include/spatial/implementations/Transform.hpp:32:5: warning: function 'getModelMatrix' should be marked [[nodiscard]] [modernize-use-nodiscard]
    glm::mat4 getModelMatrix() const;
    ^
    [[nodiscard]] 
/home/rkrm-dev/Desktop/adsil_analyzer_cpp/modules/Spatial/src/Transform.cpp:5:7: warning: initializer for member 'position_' is redundant [readability-redundant-member-init]
    : position_(), orientation_(0.0f, 0.0f, 0.0f)
      ^~~~~~~~~~~
/home/rkrm-dev/Desktop/adsil_analyzer_cpp/modules/Spatial/src/Transform.cpp:5:33: warning: floating point literal has suffix 'f', which is not uppercase [readability-uppercase-literal-suffix]
    : position_(), orientation_(0.0f, 0.0f, 0.0f)
                                ^  ~
                                   F
/home/rkrm-dev/Desktop/adsil_analyzer_cpp/modules/Spatial/src/Transform.cpp:5:39: warning: floating point literal has suffix 'f', which is not uppercase [readability-uppercase-literal-suffix]
    : position_(), orientation_(0.0f, 0.0f, 0.0f)
                                      ^  ~
                                         F
/home/rkrm-dev/Desktop/adsil_analyzer_cpp/modules/Spatial/src/Transform.cpp:5:45: warning: floating point literal has suffix 'f', which is not uppercase [readability-uppercase-literal-suffix]
    : position_(), orientation_(0.0f, 0.0f, 0.0f)
                                            ^  ~
                                               F
/home/rkrm-dev/Desktop/adsil_analyzer_cpp/modules/Spatial/src/Transform.cpp:42:1: warning: return type 'const Vector' is 'const'-qualified at the top level, which may reduce code readability without improving const correctness [readability-const-return-type]
const Vector Transform::get3DDirectionVector() const
^~~~~~
/home/rkrm-dev/Desktop/adsil_analyzer_cpp/modules/Spatial/src/Transform.cpp:94:18: warning: floating point literal has suffix 'f', which is not uppercase [readability-uppercase-literal-suffix]
    float roll = 0.0f; // default, unless banking is needed
                 ^  ~
                    F
/home/rkrm-dev/Desktop/adsil_analyzer_cpp/modules/Spatial/src/Transform.cpp:112:12: warning: avoid repeating the return type from the declaration; use a braced initializer list instead [modernize-return-braced-init-list]
    return Transform(newPos, newOri);
           ^
/home/rkrm-dev/Desktop/adsil_analyzer_cpp/modules/Spatial/src/Transform.cpp:117:17: warning: floating point literal has suffix 'f', which is not uppercase [readability-uppercase-literal-suffix]
    glm::mat4 m(1.0f);
                ^  ~
                   F
Suppressed 20799 warnings (20799 in non-user code).
Use -header-filter=.* to display errors from all non-system headers. Use -system-headers to display errors from system headers as well.


[FILE] modules/Spatial/src/TransformNode.cpp
